# JRE version: Java(TM) SE Runtime Environment (8.0_77-b03) (build 1.8.0_77-b03)
# Java VM: Java HotSpot(TM) 64-Bit Server VM (25.77-b03 mixed mode windows-amd64 compressed oops)
Heap:
 PSYoungGen      total 17920K, used 15123K [0x00000000f8000000, 0x00000000fa300000, 0x0000000100000000)
  eden space 15360K, 81% used [0x00000000f8000000,0x00000000f8c4c5b0,0x00000000f8f00000)
  from space 2560K, 98% used [0x00000000f9180000,0x00000000f93f8990,0x00000000f9400000)
  to   space 2560K, 0% used [0x00000000f8f00000,0x00000000f8f00000,0x00000000f9180000)
 ParOldGen       total 40960K, used 4980K [0x00000000e8000000, 0x00000000ea800000, 0x00000000f8000000)
  object space 40960K, 12% used [0x00000000e8000000,0x00000000e84dd2c0,0x00000000ea800000)
 Metaspace       used 8789K, capacity 9240K, committed 9472K, reserved 1058816K
  class space    used 966K, capacity 1012K, committed 1024K, reserved 1048576K
GC Heap History (4 events):
Event: 2.111 GC heap before
{Heap before GC invocations=1 (full 0):
 PSYoungGen      total 17920K, used 15360K [0x00000000f8000000, 0x00000000f9400000, 0x0000000100000000)
  eden space 15360K, 100% used [0x00000000f8000000,0x00000000f8f00000,0x00000000f8f00000)
  from space 2560K, 0% used [0x00000000f9180000,0x00000000f9180000,0x00000000f9400000)
  to   space 2560K, 0% used [0x00000000f8f00000,0x00000000f8f00000,0x00000000f9180000)
 ParOldGen       total 40960K, used 0K [0x00000000e8000000, 0x00000000ea800000, 0x00000000f8000000)
  object space 40960K, 0% used [0x00000000e8000000,0x00000000e8000000,0x00000000ea800000)
 Metaspace       used 6006K, capacity 6906K, committed 7168K, reserved 1056768K
  class space    used 731K, capacity 753K, committed 768K, reserved 1048576K
Event: 2.129 GC heap after
Heap after GC invocations=1 (full 0):
 PSYoungGen      total 17920K, used 2553K [0x00000000f8000000, 0x00000000f9400000, 0x0000000100000000)
  eden space 15360K, 0% used [0x00000000f8000000,0x00000000f8000000,0x00000000f8f00000)
  from space 2560K, 99% used [0x00000000f8f00000,0x00000000f917e6e0,0x00000000f9180000)
  to   space 2560K, 0% used [0x00000000f9180000,0x00000000f9180000,0x00000000f9400000)
 ParOldGen       total 40960K, used 1069K [0x00000000e8000000, 0x00000000ea800000, 0x00000000f8000000)
  object space 40960K, 2% used [0x00000000e8000000,0x00000000e810b738,0x00000000ea800000)
 Metaspace       used 6006K, capacity 6906K, committed 7168K, reserved 1056768K
  class space    used 731K, capacity 753K, committed 768K, reserved 1048576K
}
Event: 3.107 GC heap before
{Heap before GC invocations=2 (full 0):
 PSYoungGen      total 17920K, used 17831K [0x00000000f8000000, 0x00000000f9400000, 0x0000000100000000)
  eden space 15360K, 99% used [0x00000000f8000000,0x00000000f8eeb540,0x00000000f8f00000)
  from space 2560K, 99% used [0x00000000f8f00000,0x00000000f917e6e0,0x00000000f9180000)
  to   space 2560K, 0% used [0x00000000f9180000,0x00000000f9180000,0x00000000f9400000)
 ParOldGen       total 40960K, used 1069K [0x00000000e8000000, 0x00000000ea800000, 0x00000000f8000000)
  object space 40960K, 2% used [0x00000000e8000000,0x00000000e810b738,0x00000000ea800000)
 Metaspace       used 8724K, capacity 9158K, committed 9216K, reserved 1056768K
  class space    used 964K, capacity 1009K, committed 1024K, reserved 1048576K
Event: 3.163 GC heap after
Heap after GC invocations=2 (full 0):
 PSYoungGen      total 17920K, used 2530K [0x00000000f8000000, 0x00000000fa300000, 0x0000000100000000)
  eden space 15360K, 0% used [0x00000000f8000000,0x00000000f8000000,0x00000000f8f00000)
  from space 2560K, 98% used [0x00000000f9180000,0x00000000f93f8990,0x00000000f9400000)
  to   space 2560K, 0% used [0x00000000f8f00000,0x00000000f8f00000,0x00000000f9180000)
 ParOldGen       total 40960K, used 4980K [0x00000000e8000000, 0x00000000ea800000, 0x00000000f8000000)
  object space 40960K, 12% used [0x00000000e8000000,0x00000000e84dd2c0,0x00000000ea800000)
 Metaspace       used 8724K, capacity 9158K, committed 9216K, reserved 1056768K
  class space    used 964K, capacity 1009K, committed 1024K, reserved 1048576K
}

